Using pre-set license
Built from '2020.3/staging' branch; Version is '2020.3.3f1 (76626098c1c4) revision 7758432'; Using compiler version '192528614'; Build Type 'Release'
OS: 'Windows 10 Pro; OS build 19041.928; Version 2004; 64bit' Language: 'en' Physical Memory: 16326 MB
BatchMode: 1, IsHumanControllingUs: 0, StartBugReporterOnCrash: 0, Is64bit: 1, IsPro: 0

 COMMAND LINE ARGUMENTS:
G:\Unity\2020.3.3f1\Editor\Unity.exe
-adb2
-batchMode
-noUpm
-name
AssetImportWorker2
-projectPath
G:/Users/Andrew/projects/GIT Projects/2DAlienRunner1/2DAlienRunner1
-logFile
Logs/AssetImportWorker2.log
-srvPort
62795
Successfully changed project path to: G:/Users/Andrew/projects/GIT Projects/2DAlienRunner1/2DAlienRunner1
G:/Users/Andrew/projects/GIT Projects/2DAlienRunner1/2DAlienRunner1
Using Asset Import Pipeline V2.
Refreshing native plugins compatible for Editor in 44.53 ms, found 0 plugins.
Preloading 0 native plugins for Editor in 0.00 ms.
Initialize engine version: 2020.3.3f1 (76626098c1c4)
[Subsystems] Discovering subsystems at path G:/Unity/2020.3.3f1/Editor/Data/Resources/UnitySubsystems
[Subsystems] Discovering subsystems at path G:/Users/Andrew/projects/GIT Projects/2DAlienRunner1/2DAlienRunner1/Assets
GfxDevice: creating device client; threaded=0
Direct3D:
    Version:  Direct3D 11.0 [level 11.1]
    Renderer: Radeon RX 570 Series (ID=0x67df)
    Vendor:   
    VRAM:     4075 MB
    Driver:   27.20.1034.6
Initialize mono
Mono path[0] = 'G:/Unity/2020.3.3f1/Editor/Data/Managed'
Mono path[1] = 'G:/Unity/2020.3.3f1/Editor/Data/MonoBleedingEdge/lib/mono/unityjit'
Mono config path = 'G:/Unity/2020.3.3f1/Editor/Data/MonoBleedingEdge/etc'
Using monoOptions --debugger-agent=transport=dt_socket,embedding=1,server=y,suspend=n,address=127.0.0.1:56628
Begin MonoManager ReloadAssembly
Registering precompiled unity dll's ...
Register platform support module: G:/Unity/2020.3.3f1/Editor/Data/PlaybackEngines/WebGLSupport/UnityEditor.WebGL.Extensions.dll
Register platform support module: G:/Unity/2020.3.3f1/Editor/Data/PlaybackEngines/WindowsStandaloneSupport/UnityEditor.WindowsStandalone.Extensions.dll
Registered in 0.001365 seconds.
Native extension for WindowsStandalone target not found
Native extension for WebGL target not found
Refreshing native plugins compatible for Editor in 44.90 ms, found 0 plugins.
Preloading 0 native plugins for Editor in 0.00 ms.
Invoked RoslynAnalysisRunner static constructor.
RoslynAnalysisRunner will not be running.
RoslynAnalysisRunner has terminated.
Mono: successfully reloaded assembly
- Completed reload, in  1.998 seconds
Platform modules already initialized, skipping
Registering precompiled user dll's ...
Registered in 0.001245 seconds.
Begin MonoManager ReloadAssembly
Native extension for WindowsStandalone target not found
Native extension for WebGL target not found
Refreshing native plugins compatible for Editor in 44.42 ms, found 0 plugins.
Preloading 0 native plugins for Editor in 0.00 ms.
Invoked RoslynAnalysisRunner static constructor.
RoslynAnalysisRunner will not be running.
RoslynAnalysisRunner has terminated.
Mono: successfully reloaded assembly
- Completed reload, in  0.933 seconds
Platform modules already initialized, skipping
========================================================================
Worker process is ready to serve import requests
Shader 'Universal Render Pipeline/Particles/Lit': fallback shader 'Universal Render Pipeline/Particles/SimpleLit' not found
Shader 'Universal Render Pipeline/Particles/Lit': fallback shader 'Universal Render Pipeline/Particles/SimpleLit' not found
Launched and connected shader compiler UnityShaderCompiler.exe after 0.19 seconds
Refreshing native plugins compatible for Editor in 0.53 ms, found 0 plugins.
Preloading 0 native plugins for Editor in 0.00 ms.
Unloading 2523 Unused Serialized files (Serialized files now loaded: 0)
System memory in use before: 118.3 MB.
System memory in use after: 115.7 MB.

Unloading 45 unused Assets to reduce memory usage. Loaded Objects now: 2932.
Total: 3.991100 ms (FindLiveObjects: 0.339400 ms CreateObjectMapping: 0.173000 ms MarkObjects: 2.198300 ms  DeleteObjects: 1.278400 ms)

========================================================================
Received Import Request.
  path: Assets/Scripts/Collectables/Coin/CoinCollect.cs
  artifactKey: Guid(ec23fa4ff04097745aa65a5f2fbf3e50) Importer(815301076,1909f56bfc062723c751e8b465ee728b)
Start importing Assets/Scripts/Collectables/Coin/CoinCollect.cs using Guid(ec23fa4ff04097745aa65a5f2fbf3e50) Importer(815301076,1909f56bfc062723c751e8b465ee728b)  -> (artifact id: '71bb3d8658808fc01740283fe0994bd1') in 0.045976 seconds
  Import took 0.049443 seconds .

========================================================================
Received Prepare
Registering precompiled user dll's ...
Registered in 0.001242 seconds.
Begin MonoManager ReloadAssembly
Native extension for WindowsStandalone target not found
Native extension for WebGL target not found
Refreshing native plugins compatible for Editor in 0.38 ms, found 0 plugins.
Preloading 0 native plugins for Editor in 0.00 ms.
Invoked RoslynAnalysisRunner static constructor.
RoslynAnalysisRunner will not be running.
RoslynAnalysisRunner has terminated.
Mono: successfully reloaded assembly
- Completed reload, in  0.881 seconds
Platform modules already initialized, skipping
Switching build target platform(5) subTarget(0) extendedPlatform(0) -> platform(13) subTarget(537395200) extendedPlatform(0)
Shader 'Universal Render Pipeline/Particles/Lit': fallback shader 'Universal Render Pipeline/Particles/SimpleLit' not found
Shader 'Universal Render Pipeline/Particles/Lit': fallback shader 'Universal Render Pipeline/Particles/SimpleLit' not found
Refreshing native plugins compatible for Editor in 0.38 ms, found 0 plugins.
Preloading 0 native plugins for Editor in 0.00 ms.
Unloading 2439 Unused Serialized files (Serialized files now loaded: 0)
System memory in use before: 113.2 MB.
System memory in use after: 110.7 MB.

Unloading 40 unused Assets to reduce memory usage. Loaded Objects now: 2935.
Total: 3.337700 ms (FindLiveObjects: 0.326900 ms CreateObjectMapping: 0.119900 ms MarkObjects: 1.554900 ms  DeleteObjects: 1.334400 ms)

AssetImportParameters requested are different than current active one (requested -> active):
  custom:graphics/normal-map-encoding: 01000000000000000000000000000000 -> 02000000000000000000000000000000
========================================================================
Received Import Request.
  Time since last request: 103.093535 seconds.
  path: Assets/Prefabs/Prototype/Collectables/Coin.prefab
  artifactKey: Guid(ec519d652b0b5ff4bb82b6e078e62309) Importer(815301076,1909f56bfc062723c751e8b465ee728b)
Start importing Assets/Prefabs/Prototype/Collectables/Coin.prefab using Guid(ec519d652b0b5ff4bb82b6e078e62309) Importer(815301076,1909f56bfc062723c751e8b465ee728b)  -> (artifact id: '659b34d8c8bf6aaaf2efa5d657c845a7') in 0.300031 seconds
  Import took 0.314683 seconds .

========================================================================
Received Prepare
Registering precompiled user dll's ...
Registered in 0.001418 seconds.
Begin MonoManager ReloadAssembly
Native extension for WindowsStandalone target not found
Native extension for WebGL target not found
Refreshing native plugins compatible for Editor in 0.38 ms, found 0 plugins.
Preloading 0 native plugins for Editor in 0.00 ms.
Invoked RoslynAnalysisRunner static constructor.
RoslynAnalysisRunner will not be running.
RoslynAnalysisRunner has terminated.
Mono: successfully reloaded assembly
- Completed reload, in  0.905 seconds
Platform modules already initialized, skipping
Switching build target platform(5) subTarget(0) extendedPlatform(0) -> platform(13) subTarget(537395200) extendedPlatform(0)
Shader 'Universal Render Pipeline/Particles/Lit': fallback shader 'Universal Render Pipeline/Particles/SimpleLit' not found
Shader 'Universal Render Pipeline/Particles/Lit': fallback shader 'Universal Render Pipeline/Particles/SimpleLit' not found
Refreshing native plugins compatible for Editor in 0.80 ms, found 0 plugins.
Preloading 0 native plugins for Editor in 0.00 ms.
Unloading 2439 Unused Serialized files (Serialized files now loaded: 0)
System memory in use before: 118.4 MB.
System memory in use after: 115.9 MB.

Unloading 40 unused Assets to reduce memory usage. Loaded Objects now: 2984.
Total: 3.279000 ms (FindLiveObjects: 0.326100 ms CreateObjectMapping: 0.204400 ms MarkObjects: 1.589400 ms  DeleteObjects: 1.158300 ms)

AssetImportParameters requested are different than current active one (requested -> active):
  custom:graphics/normal-map-encoding: 01000000000000000000000000000000 -> 02000000000000000000000000000000
========================================================================
Received Import Request.
  Time since last request: 122.654822 seconds.
  path: Assets/Prefabs/Prototype/Collectables/Coin.prefab
  artifactKey: Guid(ec519d652b0b5ff4bb82b6e078e62309) Importer(815301076,1909f56bfc062723c751e8b465ee728b)
Start importing Assets/Prefabs/Prototype/Collectables/Coin.prefab using Guid(ec519d652b0b5ff4bb82b6e078e62309) Importer(815301076,1909f56bfc062723c751e8b465ee728b)  -> (artifact id: '849d898691d5d82aca376f3fa15e9cc3') in 0.166288 seconds
  Import took 0.171098 seconds .

========================================================================
Received Prepare
Registering precompiled user dll's ...
Registered in 0.001251 seconds.
Begin MonoManager ReloadAssembly
Native extension for WindowsStandalone target not found
Native extension for WebGL target not found
Refreshing native plugins compatible for Editor in 0.38 ms, found 0 plugins.
Preloading 0 native plugins for Editor in 0.00 ms.
Invoked RoslynAnalysisRunner static constructor.
RoslynAnalysisRunner will not be running.
RoslynAnalysisRunner has terminated.
Mono: successfully reloaded assembly
- Completed reload, in  0.889 seconds
Platform modules already initialized, skipping
Switching build target platform(5) subTarget(0) extendedPlatform(0) -> platform(13) subTarget(537395200) extendedPlatform(0)
Shader 'Universal Render Pipeline/Particles/Lit': fallback shader 'Universal Render Pipeline/Particles/SimpleLit' not found
Shader 'Universal Render Pipeline/Particles/Lit': fallback shader 'Universal Render Pipeline/Particles/SimpleLit' not found
Refreshing native plugins compatible for Editor in 0.41 ms, found 0 plugins.
Preloading 0 native plugins for Editor in 0.00 ms.
Unloading 2439 Unused Serialized files (Serialized files now loaded: 0)
System memory in use before: 118.6 MB.
System memory in use after: 116.1 MB.

Unloading 40 unused Assets to reduce memory usage. Loaded Objects now: 3023.
Total: 3.746900 ms (FindLiveObjects: 0.615000 ms CreateObjectMapping: 0.126100 ms MarkObjects: 1.798000 ms  DeleteObjects: 1.206600 ms)

AssetImportParameters requested are different than current active one (requested -> active):
  custom:graphics/normal-map-encoding: 01000000000000000000000000000000 -> 02000000000000000000000000000000
========================================================================
Received Import Request.
  Time since last request: 79.224783 seconds.
  path: Assets/Audio/CoinSound.wav
  artifactKey: Guid(33f1bc5223409e149b545c3756a8fbbb) Importer(815301076,1909f56bfc062723c751e8b465ee728b)
Start importing Assets/Audio/CoinSound.wav using Guid(33f1bc5223409e149b545c3756a8fbbb) Importer(815301076,1909f56bfc062723c751e8b465ee728b)  -> (artifact id: '54d424ca9421d9c39d5a5eb8fc6727d2') in 0.098563 seconds
  Import took 0.102272 seconds .

========================================================================
Received Prepare
Registering precompiled user dll's ...
Registered in 0.001787 seconds.
Begin MonoManager ReloadAssembly
Native extension for WindowsStandalone target not found
Native extension for WebGL target not found
Refreshing native plugins compatible for Editor in 0.40 ms, found 0 plugins.
Preloading 0 native plugins for Editor in 0.00 ms.
Invoked RoslynAnalysisRunner static constructor.
RoslynAnalysisRunner will not be running.
RoslynAnalysisRunner has terminated.
Mono: successfully reloaded assembly
- Completed reload, in  0.907 seconds
Platform modules already initialized, skipping
Switching build target platform(5) subTarget(0) extendedPlatform(0) -> platform(13) subTarget(537395200) extendedPlatform(0)
Shader 'Universal Render Pipeline/Particles/Lit': fallback shader 'Universal Render Pipeline/Particles/SimpleLit' not found
Shader 'Universal Render Pipeline/Particles/Lit': fallback shader 'Universal Render Pipeline/Particles/SimpleLit' not found
Refreshing native plugins compatible for Editor in 0.39 ms, found 0 plugins.
Preloading 0 native plugins for Editor in 0.00 ms.
Unloading 2439 Unused Serialized files (Serialized files now loaded: 0)
System memory in use before: 118.6 MB.
System memory in use after: 116.1 MB.

Unloading 40 unused Assets to reduce memory usage. Loaded Objects now: 3029.
Total: 3.404100 ms (FindLiveObjects: 0.317200 ms CreateObjectMapping: 0.121400 ms MarkObjects: 1.701400 ms  DeleteObjects: 1.263000 ms)

AssetImportParameters requested are different than current active one (requested -> active):
  custom:graphics/normal-map-encoding: 01000000000000000000000000000000 -> 02000000000000000000000000000000
========================================================================
Received Import Request.
  Time since last request: 783.913156 seconds.
  path: Assets/Audio/CoinSound.wav
  artifactKey: Guid(33f1bc5223409e149b545c3756a8fbbb) Importer(815301076,1909f56bfc062723c751e8b465ee728b)
Start importing Assets/Audio/CoinSound.wav using Guid(33f1bc5223409e149b545c3756a8fbbb) Importer(815301076,1909f56bfc062723c751e8b465ee728b)  -> (artifact id: '41af4ae53f45e071e0c12f60879ca646') in 0.043441 seconds
  Import took 0.047278 seconds .

========================================================================
Received Import Request.
  Time since last request: 46.293613 seconds.
  path: Assets/Audio/CoinSound.wav
  artifactKey: Guid(33f1bc5223409e149b545c3756a8fbbb) Importer(815301076,1909f56bfc062723c751e8b465ee728b)
Start importing Assets/Audio/CoinSound.wav using Guid(33f1bc5223409e149b545c3756a8fbbb) Importer(815301076,1909f56bfc062723c751e8b465ee728b)  -> (artifact id: '10cdfe00106fab437b66de316a07c825') in 0.011961 seconds
  Import took 0.017150 seconds .

========================================================================
Received Import Request.
  Time since last request: 0.009671 seconds.
  path: Assets/Audio/CoinSound.wav
  artifactKey: Guid(33f1bc5223409e149b545c3756a8fbbb) Importer(815301076,1909f56bfc062723c751e8b465ee728b)
Start importing Assets/Audio/CoinSound.wav using Guid(33f1bc5223409e149b545c3756a8fbbb) Importer(815301076,1909f56bfc062723c751e8b465ee728b)  -> (artifact id: '10cdfe00106fab437b66de316a07c825') in 0.009118 seconds
  Import took 0.012809 seconds .

========================================================================
Received Prepare
Registering precompiled user dll's ...
Registered in 0.001244 seconds.
Begin MonoManager ReloadAssembly
Native extension for WindowsStandalone target not found
Native extension for WebGL target not found
Refreshing native plugins compatible for Editor in 0.46 ms, found 0 plugins.
Preloading 0 native plugins for Editor in 0.00 ms.
Invoked RoslynAnalysisRunner static constructor.
RoslynAnalysisRunner will not be running.
RoslynAnalysisRunner has terminated.
Mono: successfully reloaded assembly
- Completed reload, in  0.886 seconds
Platform modules already initialized, skipping
Switching build target platform(5) subTarget(0) extendedPlatform(0) -> platform(13) subTarget(537395200) extendedPlatform(0)
Shader 'Universal Render Pipeline/Particles/Lit': fallback shader 'Universal Render Pipeline/Particles/SimpleLit' not found
Shader 'Universal Render Pipeline/Particles/Lit': fallback shader 'Universal Render Pipeline/Particles/SimpleLit' not found
Refreshing native plugins compatible for Editor in 0.46 ms, found 0 plugins.
Preloading 0 native plugins for Editor in 0.00 ms.
Unloading 2439 Unused Serialized files (Serialized files now loaded: 0)
System memory in use before: 118.6 MB.
System memory in use after: 116.1 MB.

Unloading 40 unused Assets to reduce memory usage. Loaded Objects now: 3033.
Total: 3.250300 ms (FindLiveObjects: 0.323300 ms CreateObjectMapping: 0.100100 ms MarkObjects: 1.595100 ms  DeleteObjects: 1.231100 ms)

AssetImportParameters requested are different than current active one (requested -> active):
  custom:graphics/normal-map-encoding: 01000000000000000000000000000000 -> 02000000000000000000000000000000
========================================================================
Received Import Request.
  Time since last request: 18766.976824 seconds.
  path: Assets/Prefabs/Prototype/Obstacles/Obstacle.prefab
  artifactKey: Guid(6daa577c0ac88b649bf70e82f16dbe90) Importer(815301076,1909f56bfc062723c751e8b465ee728b)
Start importing Assets/Prefabs/Prototype/Obstacles/Obstacle.prefab using Guid(6daa577c0ac88b649bf70e82f16dbe90) Importer(815301076,1909f56bfc062723c751e8b465ee728b)  -> (artifact id: '978e2eb6641207e88074c766375fabc6') in 0.781586 seconds
  Import took 0.887217 seconds .

========================================================================
Received Import Request.
  Time since last request: 63.093243 seconds.
  path: Assets/Prefabs/Prototype/Obstacles/Obstacle.prefab
  artifactKey: Guid(6daa577c0ac88b649bf70e82f16dbe90) Importer(815301076,1909f56bfc062723c751e8b465ee728b)
Start importing Assets/Prefabs/Prototype/Obstacles/Obstacle.prefab using Guid(6daa577c0ac88b649bf70e82f16dbe90) Importer(815301076,1909f56bfc062723c751e8b465ee728b)  -> (artifact id: 'c8b347bb7678c683ea60ce8797562dc0') in 0.031085 seconds
  Import took 0.059154 seconds .

========================================================================
Received Import Request.
  Time since last request: 0.070450 seconds.
  path: Assets/Prefabs/Prototype/Obstacles/Obstacle.prefab
  artifactKey: Guid(6daa577c0ac88b649bf70e82f16dbe90) Importer(815301076,1909f56bfc062723c751e8b465ee728b)
Start importing Assets/Prefabs/Prototype/Obstacles/Obstacle.prefab using Guid(6daa577c0ac88b649bf70e82f16dbe90) Importer(815301076,1909f56bfc062723c751e8b465ee728b)  -> (artifact id: 'c8b347bb7678c683ea60ce8797562dc0') in 0.008207 seconds
  Import took 0.012802 seconds .

========================================================================
Received Import Request.
  Time since last request: 80.140346 seconds.
  path: Assets/Prefabs/Prototype/Obstacles/Low Obstacle.prefab
  artifactKey: Guid(6daa577c0ac88b649bf70e82f16dbe90) Importer(815301076,1909f56bfc062723c751e8b465ee728b)
Start importing Assets/Prefabs/Prototype/Obstacles/Low Obstacle.prefab using Guid(6daa577c0ac88b649bf70e82f16dbe90) Importer(815301076,1909f56bfc062723c751e8b465ee728b)  -> (artifact id: '37d76a36f74cf4d000d99f61b733ef32') in 0.009877 seconds
  Import took 0.026177 seconds .

========================================================================
Received Import Request.
  Time since last request: 0.001001 seconds.
  path: Assets/Prefabs/Prototype/Obstacles/Low Obstacle.prefab
  artifactKey: Guid(6daa577c0ac88b649bf70e82f16dbe90) Importer(815301076,1909f56bfc062723c751e8b465ee728b)
Start importing Assets/Prefabs/Prototype/Obstacles/Low Obstacle.prefab using Guid(6daa577c0ac88b649bf70e82f16dbe90) Importer(815301076,1909f56bfc062723c751e8b465ee728b)  -> (artifact id: '37d76a36f74cf4d000d99f61b733ef32') in 0.010521 seconds
  Import took 0.014715 seconds .

========================================================================
Received Import Request.
  Time since last request: 98.628411 seconds.
  path: Assets/Scripts/Platform/PlatformGenerator.cs
  artifactKey: Guid(ee17564b9c21c2845b07efacb7ba38a4) Importer(815301076,1909f56bfc062723c751e8b465ee728b)
Start importing Assets/Scripts/Platform/PlatformGenerator.cs using Guid(ee17564b9c21c2845b07efacb7ba38a4) Importer(815301076,1909f56bfc062723c751e8b465ee728b)  -> (artifact id: 'dc9e45df5f0191e59c9fd773a2422c5c') in 0.001616 seconds
  Import took 0.020655 seconds .

========================================================================
Received Import Request.
  Time since last request: 0.003649 seconds.
  path: Assets/Scripts/Platform/PlatformGenerator.cs
  artifactKey: Guid(ee17564b9c21c2845b07efacb7ba38a4) Importer(815301076,1909f56bfc062723c751e8b465ee728b)
Start importing Assets/Scripts/Platform/PlatformGenerator.cs using Guid(ee17564b9c21c2845b07efacb7ba38a4) Importer(815301076,1909f56bfc062723c751e8b465ee728b)  -> (artifact id: 'dc9e45df5f0191e59c9fd773a2422c5c') in 0.001622 seconds
  Import took 0.005374 seconds .

========================================================================
Received Prepare
Registering precompiled user dll's ...
Registered in 0.001253 seconds.
Begin MonoManager ReloadAssembly
Native extension for WindowsStandalone target not found
Native extension for WebGL target not found
Refreshing native plugins compatible for Editor in 0.44 ms, found 0 plugins.
Preloading 0 native plugins for Editor in 0.00 ms.
Invoked RoslynAnalysisRunner static constructor.
RoslynAnalysisRunner will not be running.
RoslynAnalysisRunner has terminated.
Mono: successfully reloaded assembly
- Completed reload, in  1.099 seconds
Platform modules already initialized, skipping
Switching build target platform(5) subTarget(0) extendedPlatform(0) -> platform(13) subTarget(537395200) extendedPlatform(0)
Shader 'Universal Render Pipeline/Particles/Lit': fallback shader 'Universal Render Pipeline/Particles/SimpleLit' not found
Shader 'Universal Render Pipeline/Particles/Lit': fallback shader 'Universal Render Pipeline/Particles/SimpleLit' not found
Refreshing native plugins compatible for Editor in 0.41 ms, found 0 plugins.
Preloading 0 native plugins for Editor in 0.00 ms.
Unloading 2439 Unused Serialized files (Serialized files now loaded: 0)
System memory in use before: 118.8 MB.
System memory in use after: 116.3 MB.

Unloading 40 unused Assets to reduce memory usage. Loaded Objects now: 3073.
Total: 4.015300 ms (FindLiveObjects: 0.374400 ms CreateObjectMapping: 0.170900 ms MarkObjects: 2.056200 ms  DeleteObjects: 1.412500 ms)

AssetImportParameters requested are different than current active one (requested -> active):
  custom:graphics/normal-map-encoding: 01000000000000000000000000000000 -> 02000000000000000000000000000000
========================================================================
Received Import Request.
  Time since last request: 493.831795 seconds.
  path: Assets/Scripts/Platform/PlatformGenerator.cs
  artifactKey: Guid(ee17564b9c21c2845b07efacb7ba38a4) Importer(815301076,1909f56bfc062723c751e8b465ee728b)
Start importing Assets/Scripts/Platform/PlatformGenerator.cs using Guid(ee17564b9c21c2845b07efacb7ba38a4) Importer(815301076,1909f56bfc062723c751e8b465ee728b)  -> (artifact id: '6a02b9a14458de69afc598769d3cfb4a') in 0.007384 seconds
  Import took 0.011562 seconds .

========================================================================
Received Prepare
Registering precompiled user dll's ...
Registered in 0.001408 seconds.
Begin MonoManager ReloadAssembly
Native extension for WindowsStandalone target not found
Native extension for WebGL target not found
Refreshing native plugins compatible for Editor in 0.41 ms, found 0 plugins.
Preloading 0 native plugins for Editor in 0.00 ms.
Invoked RoslynAnalysisRunner static constructor.
RoslynAnalysisRunner will not be running.
RoslynAnalysisRunner has terminated.
Mono: successfully reloaded assembly
- Completed reload, in  0.881 seconds
Platform modules already initialized, skipping
Switching build target platform(5) subTarget(0) extendedPlatform(0) -> platform(13) subTarget(537395200) extendedPlatform(0)
Shader 'Universal Render Pipeline/Particles/Lit': fallback shader 'Universal Render Pipeline/Particles/SimpleLit' not found
Shader 'Universal Render Pipeline/Particles/Lit': fallback shader 'Universal Render Pipeline/Particles/SimpleLit' not found
Refreshing native plugins compatible for Editor in 0.40 ms, found 0 plugins.
Preloading 0 native plugins for Editor in 0.00 ms.
Unloading 2439 Unused Serialized files (Serialized files now loaded: 0)
System memory in use before: 118.8 MB.
System memory in use after: 116.3 MB.

Unloading 40 unused Assets to reduce memory usage. Loaded Objects now: 3076.
Total: 4.094800 ms (FindLiveObjects: 0.421900 ms CreateObjectMapping: 0.135700 ms MarkObjects: 2.024000 ms  DeleteObjects: 1.508600 ms)

AssetImportParameters requested are different than current active one (requested -> active):
  custom:graphics/normal-map-encoding: 01000000000000000000000000000000 -> 02000000000000000000000000000000
========================================================================
Received Prepare
Registering precompiled user dll's ...
Registered in 0.002310 seconds.
Begin MonoManager ReloadAssembly
Native extension for WindowsStandalone target not found
Native extension for WebGL target not found
Refreshing native plugins compatible for Editor in 0.38 ms, found 0 plugins.
Preloading 0 native plugins for Editor in 0.00 ms.
Invoked RoslynAnalysisRunner static constructor.
RoslynAnalysisRunner will not be running.
RoslynAnalysisRunner has terminated.
Mono: successfully reloaded assembly
- Completed reload, in  0.923 seconds
Platform modules already initialized, skipping
Switching build target platform(5) subTarget(0) extendedPlatform(0) -> platform(13) subTarget(537395200) extendedPlatform(0)
Shader 'Universal Render Pipeline/Particles/Lit': fallback shader 'Universal Render Pipeline/Particles/SimpleLit' not found
Shader 'Universal Render Pipeline/Particles/Lit': fallback shader 'Universal Render Pipeline/Particles/SimpleLit' not found
Refreshing native plugins compatible for Editor in 0.39 ms, found 0 plugins.
Preloading 0 native plugins for Editor in 0.00 ms.
Unloading 2439 Unused Serialized files (Serialized files now loaded: 0)
System memory in use before: 118.8 MB.
System memory in use after: 116.3 MB.

Unloading 40 unused Assets to reduce memory usage. Loaded Objects now: 3079.
Total: 3.487700 ms (FindLiveObjects: 0.291800 ms CreateObjectMapping: 0.111900 ms MarkObjects: 1.787800 ms  DeleteObjects: 1.294800 ms)

AssetImportParameters requested are different than current active one (requested -> active):
  custom:graphics/normal-map-encoding: 01000000000000000000000000000000 -> 02000000000000000000000000000000
========================================================================
Received Import Request.
  Time since last request: 170.996239 seconds.
  path: Assets/Scripts/Platform/ObjectPooler.cs
  artifactKey: Guid(a6d77c543e0f2c54b812c7a6ff3b70f8) Importer(815301076,1909f56bfc062723c751e8b465ee728b)
Start importing Assets/Scripts/Platform/ObjectPooler.cs using Guid(a6d77c543e0f2c54b812c7a6ff3b70f8) Importer(815301076,1909f56bfc062723c751e8b465ee728b)  -> (artifact id: '75b0ab16c5faffc014e4b44e3b294474') in 0.006554 seconds
  Import took 0.014674 seconds .

========================================================================
Received Import Request.
  Time since last request: 0.017927 seconds.
  path: Assets/Scripts/Platform/ObjectPooler.cs
  artifactKey: Guid(a6d77c543e0f2c54b812c7a6ff3b70f8) Importer(815301076,1909f56bfc062723c751e8b465ee728b)
Start importing Assets/Scripts/Platform/ObjectPooler.cs using Guid(a6d77c543e0f2c54b812c7a6ff3b70f8) Importer(815301076,1909f56bfc062723c751e8b465ee728b)  -> (artifact id: '75b0ab16c5faffc014e4b44e3b294474') in 0.002797 seconds
  Import took 0.007824 seconds .

========================================================================
Received Prepare
Registering precompiled user dll's ...
Registered in 0.001267 seconds.
Begin MonoManager ReloadAssembly
Native extension for WindowsStandalone target not found
Native extension for WebGL target not found
Refreshing native plugins compatible for Editor in 0.43 ms, found 0 plugins.
Preloading 0 native plugins for Editor in 0.00 ms.
Invoked RoslynAnalysisRunner static constructor.
RoslynAnalysisRunner will not be running.
RoslynAnalysisRunner has terminated.
Mono: successfully reloaded assembly
- Completed reload, in  0.894 seconds
Platform modules already initialized, skipping
Switching build target platform(5) subTarget(0) extendedPlatform(0) -> platform(13) subTarget(537395200) extendedPlatform(0)
Shader 'Universal Render Pipeline/Particles/Lit': fallback shader 'Universal Render Pipeline/Particles/SimpleLit' not found
Shader 'Universal Render Pipeline/Particles/Lit': fallback shader 'Universal Render Pipeline/Particles/SimpleLit' not found
Refreshing native plugins compatible for Editor in 0.39 ms, found 0 plugins.
Preloading 0 native plugins for Editor in 0.00 ms.
Unloading 2439 Unused Serialized files (Serialized files now loaded: 0)
System memory in use before: 118.8 MB.
System memory in use after: 116.3 MB.

Unloading 40 unused Assets to reduce memory usage. Loaded Objects now: 3082.
Total: 3.968800 ms (FindLiveObjects: 0.391700 ms CreateObjectMapping: 0.171900 ms MarkObjects: 1.889800 ms  DeleteObjects: 1.513500 ms)

AssetImportParameters requested are different than current active one (requested -> active):
  custom:graphics/normal-map-encoding: 01000000000000000000000000000000 -> 02000000000000000000000000000000
========================================================================
Received Prepare
Registering precompiled user dll's ...
Registered in 0.001243 seconds.
Begin MonoManager ReloadAssembly
Native extension for WindowsStandalone target not found
Native extension for WebGL target not found
Refreshing native plugins compatible for Editor in 0.39 ms, found 0 plugins.
Preloading 0 native plugins for Editor in 0.00 ms.
Invoked RoslynAnalysisRunner static constructor.
RoslynAnalysisRunner will not be running.
RoslynAnalysisRunner has terminated.
Mono: successfully reloaded assembly
- Completed reload, in  0.931 seconds
Platform modules already initialized, skipping
Switching build target platform(5) subTarget(0) extendedPlatform(0) -> platform(13) subTarget(537395200) extendedPlatform(0)
Shader 'Universal Render Pipeline/Particles/Lit': fallback shader 'Universal Render Pipeline/Particles/SimpleLit' not found
Shader 'Universal Render Pipeline/Particles/Lit': fallback shader 'Universal Render Pipeline/Particles/SimpleLit' not found
Refreshing native plugins compatible for Editor in 0.38 ms, found 0 plugins.
Preloading 0 native plugins for Editor in 0.00 ms.
Unloading 2439 Unused Serialized files (Serialized files now loaded: 0)
System memory in use before: 118.7 MB.
System memory in use after: 116.2 MB.

Unloading 40 unused Assets to reduce memory usage. Loaded Objects now: 3085.
Total: 3.472200 ms (FindLiveObjects: 0.259900 ms CreateObjectMapping: 0.117300 ms MarkObjects: 1.807200 ms  DeleteObjects: 1.286700 ms)

AssetImportParameters requested are different than current active one (requested -> active):
  custom:graphics/normal-map-encoding: 01000000000000000000000000000000 -> 02000000000000000000000000000000
========================================================================
Received Import Request.
  Time since last request: 362.612441 seconds.
  path: Assets/Prefabs/Prototype/Obstacles/Low Obstacle.prefab
  artifactKey: Guid(6daa577c0ac88b649bf70e82f16dbe90) Importer(815301076,1909f56bfc062723c751e8b465ee728b)
Start importing Assets/Prefabs/Prototype/Obstacles/Low Obstacle.prefab using Guid(6daa577c0ac88b649bf70e82f16dbe90) Importer(815301076,1909f56bfc062723c751e8b465ee728b)  -> (artifact id: '0352b3818d819e0fb47d55546394b862') in 0.150998 seconds
  Import took 0.155105 seconds .

========================================================================
Received Prepare
Registering precompiled user dll's ...
Registered in 0.001228 seconds.
Begin MonoManager ReloadAssembly
Native extension for WindowsStandalone target not found
Native extension for WebGL target not found
Refreshing native plugins compatible for Editor in 0.42 ms, found 0 plugins.
Preloading 0 native plugins for Editor in 0.00 ms.
Invoked RoslynAnalysisRunner static constructor.
RoslynAnalysisRunner will not be running.
RoslynAnalysisRunner has terminated.
Mono: successfully reloaded assembly
- Completed reload, in  0.893 seconds
Platform modules already initialized, skipping
Switching build target platform(5) subTarget(0) extendedPlatform(0) -> platform(13) subTarget(537395200) extendedPlatform(0)
Shader 'Universal Render Pipeline/Particles/Lit': fallback shader 'Universal Render Pipeline/Particles/SimpleLit' not found
Shader 'Universal Render Pipeline/Particles/Lit': fallback shader 'Universal Render Pipeline/Particles/SimpleLit' not found
Refreshing native plugins compatible for Editor in 2.36 ms, found 0 plugins.
Preloading 0 native plugins for Editor in 0.00 ms.
Unloading 2439 Unused Serialized files (Serialized files now loaded: 0)
System memory in use before: 118.9 MB.
System memory in use after: 116.5 MB.

Unloading 40 unused Assets to reduce memory usage. Loaded Objects now: 3124.
Total: 3.428800 ms (FindLiveObjects: 0.293300 ms CreateObjectMapping: 0.116900 ms MarkObjects: 1.745600 ms  DeleteObjects: 1.271900 ms)

AssetImportParameters requested are different than current active one (requested -> active):
  custom:graphics/normal-map-encoding: 01000000000000000000000000000000 -> 02000000000000000000000000000000
========================================================================
Received Prepare
Registering precompiled user dll's ...
Registered in 0.001690 seconds.
Begin MonoManager ReloadAssembly
Native extension for WindowsStandalone target not found
Native extension for WebGL target not found
Refreshing native plugins compatible for Editor in 0.40 ms, found 0 plugins.
Preloading 0 native plugins for Editor in 0.00 ms.
Invoked RoslynAnalysisRunner static constructor.
RoslynAnalysisRunner will not be running.
RoslynAnalysisRunner has terminated.
Mono: successfully reloaded assembly
- Completed reload, in  0.927 seconds
Platform modules already initialized, skipping
Switching build target platform(5) subTarget(0) extendedPlatform(0) -> platform(13) subTarget(537395200) extendedPlatform(0)
Shader 'Universal Render Pipeline/Particles/Lit': fallback shader 'Universal Render Pipeline/Particles/SimpleLit' not found
Shader 'Universal Render Pipeline/Particles/Lit': fallback shader 'Universal Render Pipeline/Particles/SimpleLit' not found
Refreshing native plugins compatible for Editor in 0.38 ms, found 0 plugins.
Preloading 0 native plugins for Editor in 0.00 ms.
Unloading 2439 Unused Serialized files (Serialized files now loaded: 0)
System memory in use before: 118.9 MB.
System memory in use after: 116.5 MB.

Unloading 40 unused Assets to reduce memory usage. Loaded Objects now: 3127.
Total: 3.457300 ms (FindLiveObjects: 0.268900 ms CreateObjectMapping: 0.124400 ms MarkObjects: 1.732000 ms  DeleteObjects: 1.330800 ms)

AssetImportParameters requested are different than current active one (requested -> active):
  custom:graphics/normal-map-encoding: 01000000000000000000000000000000 -> 02000000000000000000000000000000
========================================================================
Received Import Request.
  Time since last request: 323.228490 seconds.
  path: Assets/Prefabs/Prototype/Obstacles/Low Obstacle.prefab
  artifactKey: Guid(6daa577c0ac88b649bf70e82f16dbe90) Importer(815301076,1909f56bfc062723c751e8b465ee728b)
Start importing Assets/Prefabs/Prototype/Obstacles/Low Obstacle.prefab using Guid(6daa577c0ac88b649bf70e82f16dbe90) Importer(815301076,1909f56bfc062723c751e8b465ee728b)  -> (artifact id: '24e71c4013502726f048e985523d2df3') in 0.148089 seconds
  Import took 0.151860 seconds .

========================================================================
Received Prepare
Registering precompiled user dll's ...
Registered in 0.001778 seconds.
Begin MonoManager ReloadAssembly
Native extension for WindowsStandalone target not found
Native extension for WebGL target not found
Refreshing native plugins compatible for Editor in 0.44 ms, found 0 plugins.
Preloading 0 native plugins for Editor in 0.00 ms.
Invoked RoslynAnalysisRunner static constructor.
RoslynAnalysisRunner will not be running.
RoslynAnalysisRunner has terminated.
Mono: successfully reloaded assembly
- Completed reload, in  1.116 seconds
Platform modules already initialized, skipping
Switching build target platform(5) subTarget(0) extendedPlatform(0) -> platform(13) subTarget(537395200) extendedPlatform(0)
Shader 'Universal Render Pipeline/Particles/Lit': fallback shader 'Universal Render Pipeline/Particles/SimpleLit' not found
Shader 'Universal Render Pipeline/Particles/Lit': fallback shader 'Universal Render Pipeline/Particles/SimpleLit' not found
Refreshing native plugins compatible for Editor in 0.49 ms, found 0 plugins.
Preloading 0 native plugins for Editor in 0.00 ms.
Unloading 2439 Unused Serialized files (Serialized files now loaded: 0)
System memory in use before: 119.1 MB.
System memory in use after: 116.6 MB.

Unloading 40 unused Assets to reduce memory usage. Loaded Objects now: 3166.
Total: 3.892700 ms (FindLiveObjects: 0.272900 ms CreateObjectMapping: 0.119700 ms MarkObjects: 2.097300 ms  DeleteObjects: 1.401400 ms)

AssetImportParameters requested are different than current active one (requested -> active):
  custom:graphics/normal-map-encoding: 01000000000000000000000000000000 -> 02000000000000000000000000000000
========================================================================
Received Prepare
Registering precompiled user dll's ...
Registered in 0.001270 seconds.
Begin MonoManager ReloadAssembly
Native extension for WindowsStandalone target not found
Native extension for WebGL target not found
Refreshing native plugins compatible for Editor in 0.38 ms, found 0 plugins.
Preloading 0 native plugins for Editor in 0.00 ms.
Invoked RoslynAnalysisRunner static constructor.
RoslynAnalysisRunner will not be running.
RoslynAnalysisRunner has terminated.
Mono: successfully reloaded assembly
- Completed reload, in  0.935 seconds
Platform modules already initialized, skipping
Switching build target platform(5) subTarget(0) extendedPlatform(0) -> platform(13) subTarget(537395200) extendedPlatform(0)
Shader 'Universal Render Pipeline/Particles/Lit': fallback shader 'Universal Render Pipeline/Particles/SimpleLit' not found
Shader 'Universal Render Pipeline/Particles/Lit': fallback shader 'Universal Render Pipeline/Particles/SimpleLit' not found
Refreshing native plugins compatible for Editor in 0.39 ms, found 0 plugins.
Preloading 0 native plugins for Editor in 0.00 ms.
Unloading 2439 Unused Serialized files (Serialized files now loaded: 0)
System memory in use before: 119.1 MB.
System memory in use after: 116.6 MB.

Unloading 40 unused Assets to reduce memory usage. Loaded Objects now: 3169.
Total: 3.428000 ms (FindLiveObjects: 0.286600 ms CreateObjectMapping: 0.132700 ms MarkObjects: 1.744400 ms  DeleteObjects: 1.263200 ms)

AssetImportParameters requested are different than current active one (requested -> active):
  custom:graphics/normal-map-encoding: 01000000000000000000000000000000 -> 02000000000000000000000000000000
========================================================================
Received Prepare
Registering precompiled user dll's ...
Registered in 0.001242 seconds.
Begin MonoManager ReloadAssembly
Native extension for WindowsStandalone target not found
Native extension for WebGL target not found
Refreshing native plugins compatible for Editor in 0.38 ms, found 0 plugins.
Preloading 0 native plugins for Editor in 0.00 ms.
Invoked RoslynAnalysisRunner static constructor.
RoslynAnalysisRunner will not be running.
RoslynAnalysisRunner has terminated.
Mono: successfully reloaded assembly
- Completed reload, in  0.888 seconds
Platform modules already initialized, skipping
Switching build target platform(5) subTarget(0) extendedPlatform(0) -> platform(13) subTarget(537395200) extendedPlatform(0)
Shader 'Universal Render Pipeline/Particles/Lit': fallback shader 'Universal Render Pipeline/Particles/SimpleLit' not found
Shader 'Universal Render Pipeline/Particles/Lit': fallback shader 'Universal Render Pipeline/Particles/SimpleLit' not found
Refreshing native plugins compatible for Editor in 0.39 ms, found 0 plugins.
Preloading 0 native plugins for Editor in 0.00 ms.
Unloading 2439 Unused Serialized files (Serialized files now loaded: 0)
System memory in use before: 119.0 MB.
System memory in use after: 116.5 MB.

Unloading 40 unused Assets to reduce memory usage. Loaded Objects now: 3172.
Total: 3.821200 ms (FindLiveObjects: 0.335300 ms CreateObjectMapping: 0.138900 ms MarkObjects: 2.022500 ms  DeleteObjects: 1.322800 ms)

AssetImportParameters requested are different than current active one (requested -> active):
  custom:graphics/normal-map-encoding: 01000000000000000000000000000000 -> 02000000000000000000000000000000
========================================================================
Received Prepare
Registering precompiled user dll's ...
Registered in 0.001393 seconds.
Begin MonoManager ReloadAssembly
Native extension for WindowsStandalone target not found
Native extension for WebGL target not found
Refreshing native plugins compatible for Editor in 0.48 ms, found 0 plugins.
Preloading 0 native plugins for Editor in 0.00 ms.
Invoked RoslynAnalysisRunner static constructor.
RoslynAnalysisRunner will not be running.
RoslynAnalysisRunner has terminated.
Mono: successfully reloaded assembly
- Completed reload, in  0.935 seconds
Platform modules already initialized, skipping
Switching build target platform(5) subTarget(0) extendedPlatform(0) -> platform(13) subTarget(537395200) extendedPlatform(0)
Shader 'Universal Render Pipeline/Particles/Lit': fallback shader 'Universal Render Pipeline/Particles/SimpleLit' not found
Shader 'Universal Render Pipeline/Particles/Lit': fallback shader 'Universal Render Pipeline/Particles/SimpleLit' not found
Refreshing native plugins compatible for Editor in 0.38 ms, found 0 plugins.
Preloading 0 native plugins for Editor in 0.00 ms.
Unloading 2439 Unused Serialized files (Serialized files now loaded: 0)
System memory in use before: 119.1 MB.
System memory in use after: 116.6 MB.

Unloading 40 unused Assets to reduce memory usage. Loaded Objects now: 3175.
Total: 3.623300 ms (FindLiveObjects: 0.268800 ms CreateObjectMapping: 0.116000 ms MarkObjects: 1.942200 ms  DeleteObjects: 1.294900 ms)

AssetImportParameters requested are different than current active one (requested -> active):
  custom:graphics/normal-map-encoding: 01000000000000000000000000000000 -> 02000000000000000000000000000000
========================================================================
Received Import Request.
  Time since last request: 554.994253 seconds.
  path: Assets/Prefabs/Prototype/Obstacles/High Obstacle.prefab
  artifactKey: Guid(cb46ddb0db96a3a48a8881021cc3ebb7) Importer(815301076,1909f56bfc062723c751e8b465ee728b)
Start importing Assets/Prefabs/Prototype/Obstacles/High Obstacle.prefab using Guid(cb46ddb0db96a3a48a8881021cc3ebb7) Importer(815301076,1909f56bfc062723c751e8b465ee728b)  -> (artifact id: 'd39fe8068146e61b7b0e615d3f40ac5b') in 0.162865 seconds
  Import took 0.166756 seconds .

========================================================================
Received Prepare
Registering precompiled user dll's ...
Registered in 0.001326 seconds.
Begin MonoManager ReloadAssembly
Native extension for WindowsStandalone target not found
Native extension for WebGL target not found
Refreshing native plugins compatible for Editor in 0.38 ms, found 0 plugins.
Preloading 0 native plugins for Editor in 0.00 ms.
Invoked RoslynAnalysisRunner static constructor.
RoslynAnalysisRunner will not be running.
RoslynAnalysisRunner has terminated.
Mono: successfully reloaded assembly
- Completed reload, in  0.935 seconds
Platform modules already initialized, skipping
Switching build target platform(5) subTarget(0) extendedPlatform(0) -> platform(13) subTarget(537395200) extendedPlatform(0)
Shader 'Universal Render Pipeline/Particles/Lit': fallback shader 'Universal Render Pipeline/Particles/SimpleLit' not found
Shader 'Universal Render Pipeline/Particles/Lit': fallback shader 'Universal Render Pipeline/Particles/SimpleLit' not found
Refreshing native plugins compatible for Editor in 0.40 ms, found 0 plugins.
Preloading 0 native plugins for Editor in 0.00 ms.
Unloading 2439 Unused Serialized files (Serialized files now loaded: 0)
System memory in use before: 119.3 MB.
System memory in use after: 116.7 MB.

Unloading 40 unused Assets to reduce memory usage. Loaded Objects now: 3214.
Total: 4.541100 ms (FindLiveObjects: 0.356100 ms CreateObjectMapping: 0.140700 ms MarkObjects: 2.473200 ms  DeleteObjects: 1.569400 ms)

AssetImportParameters requested are different than current active one (requested -> active):
  custom:graphics/normal-map-encoding: 01000000000000000000000000000000 -> 02000000000000000000000000000000
========================================================================
Received Prepare
Registering precompiled user dll's ...
Registered in 0.001246 seconds.
Begin MonoManager ReloadAssembly
Native extension for WindowsStandalone target not found
Native extension for WebGL target not found
Refreshing native plugins compatible for Editor in 0.38 ms, found 0 plugins.
Preloading 0 native plugins for Editor in 0.00 ms.
Invoked RoslynAnalysisRunner static constructor.
RoslynAnalysisRunner will not be running.
RoslynAnalysisRunner has terminated.
Mono: successfully reloaded assembly
- Completed reload, in  0.943 seconds
Platform modules already initialized, skipping
Switching build target platform(5) subTarget(0) extendedPlatform(0) -> platform(13) subTarget(537395200) extendedPlatform(0)
Shader 'Universal Render Pipeline/Particles/Lit': fallback shader 'Universal Render Pipeline/Particles/SimpleLit' not found
Shader 'Universal Render Pipeline/Particles/Lit': fallback shader 'Universal Render Pipeline/Particles/SimpleLit' not found
Refreshing native plugins compatible for Editor in 0.38 ms, found 0 plugins.
Preloading 0 native plugins for Editor in 0.00 ms.
Unloading 2439 Unused Serialized files (Serialized files now loaded: 0)
System memory in use before: 119.2 MB.
System memory in use after: 116.7 MB.

Unloading 40 unused Assets to reduce memory usage. Loaded Objects now: 3217.
Total: 3.517200 ms (FindLiveObjects: 0.285400 ms CreateObjectMapping: 0.121500 ms MarkObjects: 1.847900 ms  DeleteObjects: 1.261600 ms)

AssetImportParameters requested are different than current active one (requested -> active):
  custom:graphics/normal-map-encoding: 01000000000000000000000000000000 -> 02000000000000000000000000000000
========================================================================
Received Import Request.
  Time since last request: 158.310244 seconds.
  path: Assets/Materials/Pink.mat
  artifactKey: Guid(462c46004e0b6a84bbde17a98b9c2f67) Importer(815301076,1909f56bfc062723c751e8b465ee728b)
Start importing Assets/Materials/Pink.mat using Guid(462c46004e0b6a84bbde17a98b9c2f67) Importer(815301076,1909f56bfc062723c751e8b465ee728b)  -> (artifact id: '26e8677a42547c1c0f6a2a2873c49f88') in 0.379323 seconds
  Import took 0.383671 seconds .

========================================================================
Received Import Request.
  Time since last request: 14.372578 seconds.
  path: Assets/Prefabs/Prototype/Collectables/Powerup-DoubleScore.prefab
  artifactKey: Guid(4dbe9c348f60229408e21b8003c0c10f) Importer(815301076,1909f56bfc062723c751e8b465ee728b)
Start importing Assets/Prefabs/Prototype/Collectables/Powerup-DoubleScore.prefab using Guid(4dbe9c348f60229408e21b8003c0c10f) Importer(815301076,1909f56bfc062723c751e8b465ee728b)  -> (artifact id: '525d43fed6b443884157ce23fc58762c') in 0.016067 seconds
  Import took 0.021215 seconds .

========================================================================
Received Import Request.
  Time since last request: 0.009915 seconds.
  path: Assets/Prefabs/Prototype/Collectables/Powerup-DoubleScore.prefab
  artifactKey: Guid(4dbe9c348f60229408e21b8003c0c10f) Importer(815301076,1909f56bfc062723c751e8b465ee728b)
Start importing Assets/Prefabs/Prototype/Collectables/Powerup-DoubleScore.prefab using Guid(4dbe9c348f60229408e21b8003c0c10f) Importer(815301076,1909f56bfc062723c751e8b465ee728b)  -> (artifact id: '525d43fed6b443884157ce23fc58762c') in 0.007678 seconds
  Import took 0.011478 seconds .

========================================================================
Received Import Request.
  Time since last request: 38.725016 seconds.
  path: Assets/Prefabs/Prototype/Collectables/Powerup-DoubleScore.prefab
  artifactKey: Guid(4dbe9c348f60229408e21b8003c0c10f) Importer(815301076,1909f56bfc062723c751e8b465ee728b)
Start importing Assets/Prefabs/Prototype/Collectables/Powerup-DoubleScore.prefab using Guid(4dbe9c348f60229408e21b8003c0c10f) Importer(815301076,1909f56bfc062723c751e8b465ee728b)  -> (artifact id: 'c2360db9bc1ee9fec99df94d70082293') in 0.026936 seconds
  Import took 0.030559 seconds .

========================================================================
Received Import Request.
  Time since last request: 14.870558 seconds.
  path: Assets/Prefabs/Prototype/Collectables/Powerup-DoubleScore.prefab
  artifactKey: Guid(4dbe9c348f60229408e21b8003c0c10f) Importer(815301076,1909f56bfc062723c751e8b465ee728b)
Start importing Assets/Prefabs/Prototype/Collectables/Powerup-DoubleScore.prefab using Guid(4dbe9c348f60229408e21b8003c0c10f) Importer(815301076,1909f56bfc062723c751e8b465ee728b)  -> (artifact id: 'fdeb8e530a46044839df2b46e84e2d1c') in 0.008569 seconds
  Import took 0.014148 seconds .

========================================================================
Received Import Request.
  Time since last request: 24.995774 seconds.
  path: Assets/Scripts/Collectables/Powerups
  artifactKey: Guid(ab256bad8ab664843835891ba0097580) Importer(815301076,1909f56bfc062723c751e8b465ee728b)
Start importing Assets/Scripts/Collectables/Powerups using Guid(ab256bad8ab664843835891ba0097580) Importer(815301076,1909f56bfc062723c751e8b465ee728b)  -> (artifact id: 'ab55e94fbae7133a6f4e4893a67fd0ea') in 0.004515 seconds
  Import took 0.009841 seconds .

========================================================================
Received Import Request.
  Time since last request: 13.239009 seconds.
  path: Assets/Scripts/Collectables/Powerups/PowerUps.cs
  artifactKey: Guid(325d85a97cdaf3d45bdc4ddfb95c32d1) Importer(815301076,1909f56bfc062723c751e8b465ee728b)
Start importing Assets/Scripts/Collectables/Powerups/PowerUps.cs using Guid(325d85a97cdaf3d45bdc4ddfb95c32d1) Importer(815301076,1909f56bfc062723c751e8b465ee728b)  -> (artifact id: '6af6caffc81013d94576999cfbfdd5f6') in 0.002240 seconds
  Import took 0.006242 seconds .

========================================================================
Received Prepare
Registering precompiled user dll's ...
Registered in 0.001323 seconds.
Begin MonoManager ReloadAssembly
Native extension for WindowsStandalone target not found
Native extension for WebGL target not found
Refreshing native plugins compatible for Editor in 0.39 ms, found 0 plugins.
Preloading 0 native plugins for Editor in 0.00 ms.
Invoked RoslynAnalysisRunner static constructor.
RoslynAnalysisRunner will not be running.
RoslynAnalysisRunner has terminated.
Mono: successfully reloaded assembly
- Completed reload, in  0.967 seconds
Platform modules already initialized, skipping
Switching build target platform(5) subTarget(0) extendedPlatform(0) -> platform(13) subTarget(537395200) extendedPlatform(0)
Shader 'Universal Render Pipeline/Particles/Lit': fallback shader 'Universal Render Pipeline/Particles/SimpleLit' not found
Shader 'Universal Render Pipeline/Particles/Lit': fallback shader 'Universal Render Pipeline/Particles/SimpleLit' not found
Refreshing native plugins compatible for Editor in 0.37 ms, found 0 plugins.
Preloading 0 native plugins for Editor in 0.00 ms.
Unloading 2440 Unused Serialized files (Serialized files now loaded: 0)
System memory in use before: 119.6 MB.
System memory in use after: 117.1 MB.

Unloading 40 unused Assets to reduce memory usage. Loaded Objects now: 3290.
Total: 3.912600 ms (FindLiveObjects: 0.515300 ms CreateObjectMapping: 0.129800 ms MarkObjects: 1.969800 ms  DeleteObjects: 1.296500 ms)

AssetImportParameters requested are different than current active one (requested -> active):
  custom:graphics/normal-map-encoding: 01000000000000000000000000000000 -> 02000000000000000000000000000000
========================================================================
Received Import Request.
  Time since last request: 220.984254 seconds.
  path: Assets/Scripts/Collectables/Powerups/PowerUpManager.cs
  artifactKey: Guid(e89744a85c2c40d40906bd55f7e642fb) Importer(815301076,1909f56bfc062723c751e8b465ee728b)
Start importing Assets/Scripts/Collectables/Powerups/PowerUpManager.cs using Guid(e89744a85c2c40d40906bd55f7e642fb) Importer(815301076,1909f56bfc062723c751e8b465ee728b)  -> (artifact id: 'f4b7d41bcc243f01ba0e80f2c69e3d93') in 0.006991 seconds
  Import took 0.012536 seconds .

========================================================================
Received Prepare
Registering precompiled user dll's ...
Registered in 0.001247 seconds.
Begin MonoManager ReloadAssembly
Native extension for WindowsStandalone target not found
Native extension for WebGL target not found
Refreshing native plugins compatible for Editor in 0.48 ms, found 0 plugins.
Preloading 0 native plugins for Editor in 0.00 ms.
Invoked RoslynAnalysisRunner static constructor.
RoslynAnalysisRunner will not be running.
RoslynAnalysisRunner has terminated.
Mono: successfully reloaded assembly
- Completed reload, in  1.032 seconds
Platform modules already initialized, skipping
Switching build target platform(5) subTarget(0) extendedPlatform(0) -> platform(13) subTarget(537395200) extendedPlatform(0)
Shader 'Universal Render Pipeline/Particles/Lit': fallback shader 'Universal Render Pipeline/Particles/SimpleLit' not found
Shader 'Universal Render Pipeline/Particles/Lit': fallback shader 'Universal Render Pipeline/Particles/SimpleLit' not found
Refreshing native plugins compatible for Editor in 0.41 ms, found 0 plugins.
Preloading 0 native plugins for Editor in 0.00 ms.
Unloading 2441 Unused Serialized files (Serialized files now loaded: 0)
System memory in use before: 119.6 MB.
System memory in use after: 117.1 MB.

Unloading 40 unused Assets to reduce memory usage. Loaded Objects now: 3294.
Total: 3.572200 ms (FindLiveObjects: 0.310100 ms CreateObjectMapping: 0.112600 ms MarkObjects: 1.863600 ms  DeleteObjects: 1.284800 ms)

AssetImportParameters requested are different than current active one (requested -> active):
  custom:graphics/normal-map-encoding: 01000000000000000000000000000000 -> 02000000000000000000000000000000
========================================================================
Received Prepare
Registering precompiled user dll's ...
Registered in 0.001252 seconds.
Begin MonoManager ReloadAssembly
Native extension for WindowsStandalone target not found
Native extension for WebGL target not found
Refreshing native plugins compatible for Editor in 0.62 ms, found 0 plugins.
Preloading 0 native plugins for Editor in 0.00 ms.
Invoked RoslynAnalysisRunner static constructor.
RoslynAnalysisRunner will not be running.
RoslynAnalysisRunner has terminated.
Mono: successfully reloaded assembly
- Completed reload, in  0.909 seconds
Platform modules already initialized, skipping
Switching build target platform(5) subTarget(0) extendedPlatform(0) -> platform(13) subTarget(537395200) extendedPlatform(0)
Shader 'Universal Render Pipeline/Particles/Lit': fallback shader 'Universal Render Pipeline/Particles/SimpleLit' not found
Shader 'Universal Render Pipeline/Particles/Lit': fallback shader 'Universal Render Pipeline/Particles/SimpleLit' not found
Refreshing native plugins compatible for Editor in 0.39 ms, found 0 plugins.
Preloading 0 native plugins for Editor in 0.00 ms.
Unloading 2441 Unused Serialized files (Serialized files now loaded: 0)
System memory in use before: 119.6 MB.
System memory in use after: 117.2 MB.

Unloading 40 unused Assets to reduce memory usage. Loaded Objects now: 3297.
Total: 3.526800 ms (FindLiveObjects: 0.294800 ms CreateObjectMapping: 0.103300 ms MarkObjects: 1.846000 ms  DeleteObjects: 1.281600 ms)

AssetImportParameters requested are different than current active one (requested -> active):
  custom:graphics/normal-map-encoding: 01000000000000000000000000000000 -> 02000000000000000000000000000000
========================================================================
Received Import Request.
  Time since last request: 87.764552 seconds.
  path: Assets/Prefabs/Prototype/Collectables/Powerup-DoubleScore.prefab
  artifactKey: Guid(4dbe9c348f60229408e21b8003c0c10f) Importer(815301076,1909f56bfc062723c751e8b465ee728b)
Start importing Assets/Prefabs/Prototype/Collectables/Powerup-DoubleScore.prefab using Guid(4dbe9c348f60229408e21b8003c0c10f) Importer(815301076,1909f56bfc062723c751e8b465ee728b)  -> (artifact id: 'afa6d8611bca482de6cb1b7796d30b39') in 0.171551 seconds
  Import took 0.177344 seconds .

========================================================================
Received Prepare
Registering precompiled user dll's ...
Registered in 0.001387 seconds.
Begin MonoManager ReloadAssembly
Native extension for WindowsStandalone target not found
Native extension for WebGL target not found
Refreshing native plugins compatible for Editor in 0.41 ms, found 0 plugins.
Preloading 0 native plugins for Editor in 0.00 ms.
Invoked RoslynAnalysisRunner static constructor.
RoslynAnalysisRunner will not be running.
RoslynAnalysisRunner has terminated.
Mono: successfully reloaded assembly
- Completed reload, in  1.068 seconds
Platform modules already initialized, skipping
Switching build target platform(5) subTarget(0) extendedPlatform(0) -> platform(13) subTarget(537395200) extendedPlatform(0)
Shader 'Universal Render Pipeline/Particles/Lit': fallback shader 'Universal Render Pipeline/Particles/SimpleLit' not found
Shader 'Universal Render Pipeline/Particles/Lit': fallback shader 'Universal Render Pipeline/Particles/SimpleLit' not found
Refreshing native plugins compatible for Editor in 0.42 ms, found 0 plugins.
Preloading 0 native plugins for Editor in 0.00 ms.
Unloading 2441 Unused Serialized files (Serialized files now loaded: 0)
System memory in use before: 119.8 MB.
System memory in use after: 117.3 MB.

Unloading 40 unused Assets to reduce memory usage. Loaded Objects now: 3336.
Total: 32.028100 ms (FindLiveObjects: 0.502200 ms CreateObjectMapping: 0.154300 ms MarkObjects: 27.640200 ms  DeleteObjects: 3.729500 ms)

AssetImportParameters requested are different than current active one (requested -> active):
  custom:graphics/normal-map-encoding: 01000000000000000000000000000000 -> 02000000000000000000000000000000
========================================================================
Received Import Request.
  Time since last request: 837.341956 seconds.
  path: Assets/Scripts/UI/ScoreManager.cs
  artifactKey: Guid(5c001ee5eccf7424daebfede1e476d31) Importer(815301076,1909f56bfc062723c751e8b465ee728b)
Start importing Assets/Scripts/UI/ScoreManager.cs using Guid(5c001ee5eccf7424daebfede1e476d31) Importer(815301076,1909f56bfc062723c751e8b465ee728b)  -> (artifact id: 'f3a3e2247f45a62a6f67b9225172469b') in 0.008341 seconds
  Import took 0.012461 seconds .

========================================================================
Received Import Request.
  Time since last request: 0.021472 seconds.
  path: Assets/Scripts/UI/ScoreManager.cs
  artifactKey: Guid(5c001ee5eccf7424daebfede1e476d31) Importer(815301076,1909f56bfc062723c751e8b465ee728b)
Start importing Assets/Scripts/UI/ScoreManager.cs using Guid(5c001ee5eccf7424daebfede1e476d31) Importer(815301076,1909f56bfc062723c751e8b465ee728b)  -> (artifact id: 'f3a3e2247f45a62a6f67b9225172469b') in 0.044756 seconds
  Import took 0.051481 seconds .

========================================================================
Received Prepare
Registering precompiled user dll's ...
Registered in 0.001213 seconds.
Begin MonoManager ReloadAssembly
Native extension for WindowsStandalone target not found
Native extension for WebGL target not found
Refreshing native plugins compatible for Editor in 0.39 ms, found 0 plugins.
Preloading 0 native plugins for Editor in 0.00 ms.
Invoked RoslynAnalysisRunner static constructor.
RoslynAnalysisRunner will not be running.
RoslynAnalysisRunner has terminated.
Mono: successfully reloaded assembly
- Completed reload, in  0.971 seconds
Platform modules already initialized, skipping
Switching build target platform(5) subTarget(0) extendedPlatform(0) -> platform(13) subTarget(537395200) extendedPlatform(0)
Shader 'Universal Render Pipeline/Particles/Lit': fallback shader 'Universal Render Pipeline/Particles/SimpleLit' not found
Shader 'Universal Render Pipeline/Particles/Lit': fallback shader 'Universal Render Pipeline/Particles/SimpleLit' not found
Refreshing native plugins compatible for Editor in 0.38 ms, found 0 plugins.
Preloading 0 native plugins for Editor in 0.00 ms.
Unloading 2441 Unused Serialized files (Serialized files now loaded: 0)
System memory in use before: 119.8 MB.
System memory in use after: 117.3 MB.

Unloading 40 unused Assets to reduce memory usage. Loaded Objects now: 3339.
Total: 3.794000 ms (FindLiveObjects: 0.298100 ms CreateObjectMapping: 0.115900 ms MarkObjects: 2.080100 ms  DeleteObjects: 1.299000 ms)

AssetImportParameters requested are different than current active one (requested -> active):
  custom:graphics/normal-map-encoding: 01000000000000000000000000000000 -> 02000000000000000000000000000000
========================================================================
Received Import Request.
  Time since last request: 849.965063 seconds.
  path: Assets/Prefabs/Prototype/Collectables/Powerup-DoubleScore.prefab
  artifactKey: Guid(4dbe9c348f60229408e21b8003c0c10f) Importer(815301076,1909f56bfc062723c751e8b465ee728b)
Start importing Assets/Prefabs/Prototype/Collectables/Powerup-DoubleScore.prefab using Guid(4dbe9c348f60229408e21b8003c0c10f) Importer(815301076,1909f56bfc062723c751e8b465ee728b)  -> (artifact id: 'cadc328f29df23ae537f2a58f9b2721a') in 0.163018 seconds
  Import took 0.168600 seconds .

========================================================================
Received Prepare
Registering precompiled user dll's ...
Registered in 0.001309 seconds.
Begin MonoManager ReloadAssembly
Native extension for WindowsStandalone target not found
Native extension for WebGL target not found
Refreshing native plugins compatible for Editor in 0.54 ms, found 0 plugins.
Preloading 0 native plugins for Editor in 0.00 ms.
Invoked RoslynAnalysisRunner static constructor.
RoslynAnalysisRunner will not be running.
RoslynAnalysisRunner has terminated.
Mono: successfully reloaded assembly
- Completed reload, in  0.964 seconds
Platform modules already initialized, skipping
Switching build target platform(5) subTarget(0) extendedPlatform(0) -> platform(13) subTarget(537395200) extendedPlatform(0)
Shader 'Universal Render Pipeline/Particles/Lit': fallback shader 'Universal Render Pipeline/Particles/SimpleLit' not found
Shader 'Universal Render Pipeline/Particles/Lit': fallback shader 'Universal Render Pipeline/Particles/SimpleLit' not found
Refreshing native plugins compatible for Editor in 0.38 ms, found 0 plugins.
Preloading 0 native plugins for Editor in 0.00 ms.
Unloading 2441 Unused Serialized files (Serialized files now loaded: 0)
System memory in use before: 119.9 MB.
System memory in use after: 117.4 MB.

Unloading 40 unused Assets to reduce memory usage. Loaded Objects now: 3378.
Total: 4.017800 ms (FindLiveObjects: 0.355300 ms CreateObjectMapping: 0.125100 ms MarkObjects: 2.220600 ms  DeleteObjects: 1.315600 ms)

AssetImportParameters requested are different than current active one (requested -> active):
  custom:graphics/normal-map-encoding: 01000000000000000000000000000000 -> 02000000000000000000000000000000
========================================================================
Received Prepare
Registering precompiled user dll's ...
Registered in 0.001275 seconds.
Begin MonoManager ReloadAssembly
Native extension for WindowsStandalone target not found
Native extension for WebGL target not found
Refreshing native plugins compatible for Editor in 0.39 ms, found 0 plugins.
Preloading 0 native plugins for Editor in 0.00 ms.
Invoked RoslynAnalysisRunner static constructor.
RoslynAnalysisRunner will not be running.
RoslynAnalysisRunner has terminated.
Mono: successfully reloaded assembly
- Completed reload, in  0.966 seconds
Platform modules already initialized, skipping
Switching build target platform(5) subTarget(0) extendedPlatform(0) -> platform(13) subTarget(537395200) extendedPlatform(0)
Shader 'Universal Render Pipeline/Particles/Lit': fallback shader 'Universal Render Pipeline/Particles/SimpleLit' not found
Shader 'Universal Render Pipeline/Particles/Lit': fallback shader 'Universal Render Pipeline/Particles/SimpleLit' not found
Refreshing native plugins compatible for Editor in 0.41 ms, found 0 plugins.
Preloading 0 native plugins for Editor in 0.00 ms.
Unloading 2441 Unused Serialized files (Serialized files now loaded: 0)
System memory in use before: 119.8 MB.
System memory in use after: 117.4 MB.

Unloading 40 unused Assets to reduce memory usage. Loaded Objects now: 3381.
Total: 3.823900 ms (FindLiveObjects: 0.315100 ms CreateObjectMapping: 0.124100 ms MarkObjects: 2.037200 ms  DeleteObjects: 1.346700 ms)

AssetImportParameters requested are different than current active one (requested -> active):
  custom:graphics/normal-map-encoding: 01000000000000000000000000000000 -> 02000000000000000000000000000000
========================================================================
Received Import Request.
  Time since last request: 318.763035 seconds.
  path: Assets/Prefabs/Prototype/Collectables/Powerup-DestoryLowObstacle.prefab
  artifactKey: Guid(8e80a932c6eea0e4199bd3f14d5df7b4) Importer(815301076,1909f56bfc062723c751e8b465ee728b)
Start importing Assets/Prefabs/Prototype/Collectables/Powerup-DestoryLowObstacle.prefab using Guid(8e80a932c6eea0e4199bd3f14d5df7b4) Importer(815301076,1909f56bfc062723c751e8b465ee728b)  -> (artifact id: 'c277d0682a769357fea017374264fab5') in 0.160427 seconds
  Import took 0.170693 seconds .

========================================================================
Received Import Request.
  Time since last request: 28.294318 seconds.
  path: Assets/Prefabs/Prototype/Collectables/Powerup-DoubleScore.prefab
  artifactKey: Guid(4dbe9c348f60229408e21b8003c0c10f) Importer(815301076,1909f56bfc062723c751e8b465ee728b)
Start importing Assets/Prefabs/Prototype/Collectables/Powerup-DoubleScore.prefab using Guid(4dbe9c348f60229408e21b8003c0c10f) Importer(815301076,1909f56bfc062723c751e8b465ee728b)  -> (artifact id: '5576324df79f09e00fc04e591c67b6b3') in 0.049328 seconds
  Import took 0.053282 seconds .

========================================================================
Received Import Request.
  Time since last request: 0.548939 seconds.
  path: Assets/Prefabs/Prototype/Collectables/Powerup-DoubleScore.prefab
  artifactKey: Guid(4dbe9c348f60229408e21b8003c0c10f) Importer(815301076,1909f56bfc062723c751e8b465ee728b)
Start importing Assets/Prefabs/Prototype/Collectables/Powerup-DoubleScore.prefab using Guid(4dbe9c348f60229408e21b8003c0c10f) Importer(815301076,1909f56bfc062723c751e8b465ee728b)  -> (artifact id: '8c2580f836c9e83d43a9935f4e1ea1f2') in 0.007383 seconds
  Import took 0.011066 seconds .

========================================================================
Received Import Request.
  Time since last request: 0.015564 seconds.
  path: Assets/Prefabs/Prototype/Collectables/Powerup-DoubleScore.prefab
  artifactKey: Guid(4dbe9c348f60229408e21b8003c0c10f) Importer(815301076,1909f56bfc062723c751e8b465ee728b)
Start importing Assets/Prefabs/Prototype/Collectables/Powerup-DoubleScore.prefab using Guid(4dbe9c348f60229408e21b8003c0c10f) Importer(815301076,1909f56bfc062723c751e8b465ee728b)  -> (artifact id: '8c2580f836c9e83d43a9935f4e1ea1f2') in 0.007121 seconds
  Import took 0.011373 seconds .

========================================================================
Received Prepare
Registering precompiled user dll's ...
Registered in 0.001264 seconds.
Begin MonoManager ReloadAssembly
Native extension for WindowsStandalone target not found
Native extension for WebGL target not found
Refreshing native plugins compatible for Editor in 0.40 ms, found 0 plugins.
Preloading 0 native plugins for Editor in 0.00 ms.
Invoked RoslynAnalysisRunner static constructor.
RoslynAnalysisRunner will not be running.
RoslynAnalysisRunner has terminated.
Mono: successfully reloaded assembly
- Completed reload, in  0.962 seconds
Platform modules already initialized, skipping
Switching build target platform(5) subTarget(0) extendedPlatform(0) -> platform(13) subTarget(537395200) extendedPlatform(0)
Shader 'Universal Render Pipeline/Particles/Lit': fallback shader 'Universal Render Pipeline/Particles/SimpleLit' not found
Shader 'Universal Render Pipeline/Particles/Lit': fallback shader 'Universal Render Pipeline/Particles/SimpleLit' not found
Refreshing native plugins compatible for Editor in 0.37 ms, found 0 plugins.
Preloading 0 native plugins for Editor in 0.00 ms.
Unloading 2441 Unused Serialized files (Serialized files now loaded: 0)
System memory in use before: 120.0 MB.
System memory in use after: 117.6 MB.

Unloading 40 unused Assets to reduce memory usage. Loaded Objects now: 3420.
Total: 4.543500 ms (FindLiveObjects: 0.488100 ms CreateObjectMapping: 0.170700 ms MarkObjects: 2.381800 ms  DeleteObjects: 1.501700 ms)

AssetImportParameters requested are different than current active one (requested -> active):
  custom:graphics/normal-map-encoding: 01000000000000000000000000000000 -> 02000000000000000000000000000000
========================================================================
Received Import Request.
  Time since last request: 105.658850 seconds.
  path: Assets/Prefabs/Prototype/Collectables/Powerup-DestoryLowObstacle.prefab
  artifactKey: Guid(8e80a932c6eea0e4199bd3f14d5df7b4) Importer(815301076,1909f56bfc062723c751e8b465ee728b)
Start importing Assets/Prefabs/Prototype/Collectables/Powerup-DestoryLowObstacle.prefab using Guid(8e80a932c6eea0e4199bd3f14d5df7b4) Importer(815301076,1909f56bfc062723c751e8b465ee728b)  -> (artifact id: 'cf98e00b6a5708ad4ab4095130e95bdb') in 0.145371 seconds
  Import took 0.149202 seconds .

========================================================================
Received Import Request.
  Time since last request: 2.505576 seconds.
  path: Assets/Prefabs/Prototype/Collectables/Powerup-DoubleScore.prefab
  artifactKey: Guid(4dbe9c348f60229408e21b8003c0c10f) Importer(815301076,1909f56bfc062723c751e8b465ee728b)
Start importing Assets/Prefabs/Prototype/Collectables/Powerup-DoubleScore.prefab using Guid(4dbe9c348f60229408e21b8003c0c10f) Importer(815301076,1909f56bfc062723c751e8b465ee728b)  -> (artifact id: 'b93f189315f86c17406d506389b85fc2') in 0.007594 seconds
  Import took 0.011574 seconds .

========================================================================
Received Prepare
Registering precompiled user dll's ...
Registered in 0.001241 seconds.
Begin MonoManager ReloadAssembly
Native extension for WindowsStandalone target not found
Native extension for WebGL target not found
Refreshing native plugins compatible for Editor in 0.46 ms, found 0 plugins.
Preloading 0 native plugins for Editor in 0.00 ms.
Invoked RoslynAnalysisRunner static constructor.
RoslynAnalysisRunner will not be running.
RoslynAnalysisRunner has terminated.
Mono: successfully reloaded assembly
- Completed reload, in  1.019 seconds
Platform modules already initialized, skipping
Switching build target platform(5) subTarget(0) extendedPlatform(0) -> platform(13) subTarget(537395200) extendedPlatform(0)
Shader 'Universal Render Pipeline/Particles/Lit': fallback shader 'Universal Render Pipeline/Particles/SimpleLit' not found
Shader 'Universal Render Pipeline/Particles/Lit': fallback shader 'Universal Render Pipeline/Particles/SimpleLit' not found
Refreshing native plugins compatible for Editor in 0.49 ms, found 0 plugins.
Preloading 0 native plugins for Editor in 0.00 ms.
Unloading 2441 Unused Serialized files (Serialized files now loaded: 0)
System memory in use before: 120.2 MB.
System memory in use after: 117.7 MB.

Unloading 40 unused Assets to reduce memory usage. Loaded Objects now: 3459.
Total: 3.847500 ms (FindLiveObjects: 0.318400 ms CreateObjectMapping: 0.125400 ms MarkObjects: 2.030500 ms  DeleteObjects: 1.372000 ms)

AssetImportParameters requested are different than current active one (requested -> active):
  custom:graphics/normal-map-encoding: 01000000000000000000000000000000 -> 02000000000000000000000000000000
========================================================================
Received Prepare
Registering precompiled user dll's ...
Registered in 0.001343 seconds.
Begin MonoManager ReloadAssembly
Native extension for WindowsStandalone target not found
Native extension for WebGL target not found
Refreshing native plugins compatible for Editor in 0.38 ms, found 0 plugins.
Preloading 0 native plugins for Editor in 0.00 ms.
Invoked RoslynAnalysisRunner static constructor.
RoslynAnalysisRunner will not be running.
RoslynAnalysisRunner has terminated.
Mono: successfully reloaded assembly
- Completed reload, in  1.052 seconds
Platform modules already initialized, skipping
Switching build target platform(5) subTarget(0) extendedPlatform(0) -> platform(13) subTarget(537395200) extendedPlatform(0)
Shader 'Universal Render Pipeline/Particles/Lit': fallback shader 'Universal Render Pipeline/Particles/SimpleLit' not found
Shader 'Universal Render Pipeline/Particles/Lit': fallback shader 'Universal Render Pipeline/Particles/SimpleLit' not found
Refreshing native plugins compatible for Editor in 0.39 ms, found 0 plugins.
Preloading 0 native plugins for Editor in 0.00 ms.
Unloading 2441 Unused Serialized files (Serialized files now loaded: 0)
System memory in use before: 120.2 MB.
System memory in use after: 117.7 MB.

Unloading 40 unused Assets to reduce memory usage. Loaded Objects now: 3462.
Total: 4.394200 ms (FindLiveObjects: 0.389400 ms CreateObjectMapping: 0.194000 ms MarkObjects: 2.481300 ms  DeleteObjects: 1.327500 ms)

AssetImportParameters requested are different than current active one (requested -> active):
  custom:graphics/normal-map-encoding: 01000000000000000000000000000000 -> 02000000000000000000000000000000
========================================================================
Received Prepare
Registering precompiled user dll's ...
Registered in 0.001309 seconds.
Begin MonoManager ReloadAssembly
Native extension for WindowsStandalone target not found
Native extension for WebGL target not found
Refreshing native plugins compatible for Editor in 0.47 ms, found 0 plugins.
Preloading 0 native plugins for Editor in 0.00 ms.
Invoked RoslynAnalysisRunner static constructor.
RoslynAnalysisRunner will not be running.
RoslynAnalysisRunner has terminated.
Mono: successfully reloaded assembly
- Completed reload, in  1.106 seconds
Platform modules already initialized, skipping
Switching build target platform(5) subTarget(0) extendedPlatform(0) -> platform(13) subTarget(537395200) extendedPlatform(0)
Shader 'Universal Render Pipeline/Particles/Lit': fallback shader 'Universal Render Pipeline/Particles/SimpleLit' not found
Shader 'Universal Render Pipeline/Particles/Lit': fallback shader 'Universal Render Pipeline/Particles/SimpleLit' not found
Refreshing native plugins compatible for Editor in 0.39 ms, found 0 plugins.
Preloading 0 native plugins for Editor in 0.00 ms.
Unloading 2441 Unused Serialized files (Serialized files now loaded: 0)
System memory in use before: 120.2 MB.
System memory in use after: 117.7 MB.

Unloading 40 unused Assets to reduce memory usage. Loaded Objects now: 3465.
Total: 3.996700 ms (FindLiveObjects: 0.321000 ms CreateObjectMapping: 0.125600 ms MarkObjects: 2.143300 ms  DeleteObjects: 1.404500 ms)

AssetImportParameters requested are different than current active one (requested -> active):
  custom:graphics/normal-map-encoding: 01000000000000000000000000000000 -> 02000000000000000000000000000000
AssetImportWorkerClient::OnTransportError - code=2 error=End of file
